<?xml version="1.0" encoding="UTF-8"?>
<!-- Generated by org.testng.reporters.JUnitReportReporter -->
<testsuite hostname="DESKTOP-9NCQHSO" failures="0" tests="2" name="PracTNG.NewTest" time="0.014" errors="0" timestamp="2024-09-30T17:55:02 IST" skipped="0">
  <testcase classname="PracTNG.NewTest" name="s" time="0.001"/>
  <testcase classname="PracTNG.NewTest" name="f" time="0.013"/>
</testsuite> <!-- PracTNG.NewTest -->
